The system is: Linux - 4.19.115 - aarch64
Compiling the C compiler identification source file "CMakeCCompilerId.c" succeeded.
Compiler: /usr/bin/cc 
Build flags: 
Id flags:  

The output was:
0


Compilation of the C compiler identification source "CMakeCCompilerId.c" produced "a.out"

The C compiler identification is GNU, found in "/root/GUI/jpeg2-6b/build/CMakeFiles/3.13.4/CompilerIdC/a.out"

Determining if the C compiler works passed with the following output:
Change Dir: /root/GUI/jpeg2-6b/build/CMakeFiles/CMakeTmp

Run Build Command:"/usr/bin/make" "cmTC_fd60e/fast"
/usr/bin/make -f CMakeFiles/cmTC_fd60e.dir/build.make CMakeFiles/cmTC_fd60e.dir/build
make[1]: Entering directory '/root/GUI/jpeg2-6b/build/CMakeFiles/CMakeTmp'
Building C object CMakeFiles/cmTC_fd60e.dir/testCCompiler.c.o
/usr/bin/cc    -o CMakeFiles/cmTC_fd60e.dir/testCCompiler.c.o   -c /root/GUI/jpeg2-6b/build/CMakeFiles/CMakeTmp/testCCompiler.c
Linking C executable cmTC_fd60e
/usr/bin/cmake -E cmake_link_script CMakeFiles/cmTC_fd60e.dir/link.txt --verbose=1
/usr/bin/cc      CMakeFiles/cmTC_fd60e.dir/testCCompiler.c.o  -o cmTC_fd60e 
make[1]: Leaving directory '/root/GUI/jpeg2-6b/build/CMakeFiles/CMakeTmp'


Detecting C compiler ABI info compiled with the following output:
Change Dir: /root/GUI/jpeg2-6b/build/CMakeFiles/CMakeTmp

Run Build Command:"/usr/bin/make" "cmTC_e8b83/fast"
/usr/bin/make -f CMakeFiles/cmTC_e8b83.dir/build.make CMakeFiles/cmTC_e8b83.dir/build
make[1]: Entering directory '/root/GUI/jpeg2-6b/build/CMakeFiles/CMakeTmp'
Building C object CMakeFiles/cmTC_e8b83.dir/CMakeCCompilerABI.c.o
/usr/bin/cc    -o CMakeFiles/cmTC_e8b83.dir/CMakeCCompilerABI.c.o   -c /usr/share/cmake-3.13/Modules/CMakeCCompilerABI.c
Linking C executable cmTC_e8b83
/usr/bin/cmake -E cmake_link_script CMakeFiles/cmTC_e8b83.dir/link.txt --verbose=1
/usr/bin/cc     -v CMakeFiles/cmTC_e8b83.dir/CMakeCCompilerABI.c.o  -o cmTC_e8b83 
Using built-in specs.
COLLECT_GCC=/usr/bin/cc
COLLECT_LTO_WRAPPER=/usr/lib/gcc/aarch64-linux-gnu/8/lto-wrapper
Target: aarch64-linux-gnu
Configured with: ../src/configure -v --with-pkgversion='Debian 8.3.0-6' --with-bugurl=file:///usr/share/doc/gcc-8/README.Bugs --enable-languages=c,ada,c++,go,d,fortran,objc,obj-c++ --prefix=/usr --with-gcc-major-version-only --program-suffix=-8 --program-prefix=aarch64-linux-gnu- --enable-shared --enable-linker-build-id --libexecdir=/usr/lib --without-included-gettext --enable-threads=posix --libdir=/usr/lib --enable-nls --enable-bootstrap --enable-clocale=gnu --enable-libstdcxx-debug --enable-libstdcxx-time=yes --with-default-libstdcxx-abi=new --enable-gnu-unique-object --disable-libquadmath --disable-libquadmath-support --enable-plugin --enable-default-pie --with-system-zlib --disable-libphobos --enable-multiarch --enable-fix-cortex-a53-843419 --disable-werror --enable-checking=release --build=aarch64-linux-gnu --host=aarch64-linux-gnu --target=aarch64-linux-gnu
Thread model: posix
gcc version 8.3.0 (Debian 8.3.0-6) 
COMPILER_PATH=/usr/lib/gcc/aarch64-linux-gnu/8/:/usr/lib/gcc/aarch64-linux-gnu/8/:/usr/lib/gcc/aarch64-linux-gnu/:/usr/lib/gcc/aarch64-linux-gnu/8/:/usr/lib/gcc/aarch64-linux-gnu/
LIBRARY_PATH=/usr/lib/gcc/aarch64-linux-gnu/8/:/usr/lib/gcc/aarch64-linux-gnu/8/../../../aarch64-linux-gnu/:/usr/lib/gcc/aarch64-linux-gnu/8/../../../../lib/:/lib/aarch64-linux-gnu/:/lib/../lib/:/usr/lib/aarch64-linux-gnu/:/usr/lib/../lib/:/usr/lib/gcc/aarch64-linux-gnu/8/../../../:/lib/:/usr/lib/
COLLECT_GCC_OPTIONS='-v' '-o' 'cmTC_e8b83' '-mlittle-endian' '-mabi=lp64'
 /usr/lib/gcc/aarch64-linux-gnu/8/collect2 -plugin /usr/lib/gcc/aarch64-linux-gnu/8/liblto_plugin.so -plugin-opt=/usr/lib/gcc/aarch64-linux-gnu/8/lto-wrapper -plugin-opt=-fresolution=/tmp/ccQMHWia.res -plugin-opt=-pass-through=-lgcc -plugin-opt=-pass-through=-lgcc_s -plugin-opt=-pass-through=-lc -plugin-opt=-pass-through=-lgcc -plugin-opt=-pass-through=-lgcc_s --build-id --eh-frame-hdr --hash-style=gnu -dynamic-linker /lib/ld-linux-aarch64.so.1 -X -EL -maarch64linux --fix-cortex-a53-843419 -pie -o cmTC_e8b83 /usr/lib/gcc/aarch64-linux-gnu/8/../../../aarch64-linux-gnu/Scrt1.o /usr/lib/gcc/aarch64-linux-gnu/8/../../../aarch64-linux-gnu/crti.o /usr/lib/gcc/aarch64-linux-gnu/8/crtbeginS.o -L/usr/lib/gcc/aarch64-linux-gnu/8 -L/usr/lib/gcc/aarch64-linux-gnu/8/../../../aarch64-linux-gnu -L/usr/lib/gcc/aarch64-linux-gnu/8/../../../../lib -L/lib/aarch64-linux-gnu -L/lib/../lib -L/usr/lib/aarch64-linux-gnu -L/usr/lib/../lib -L/usr/lib/gcc/aarch64-linux-gnu/8/../../.. CMakeFiles/cmTC_e8b83.dir/CMakeCCompilerABI.c.o -lgcc --push-state --as-needed -lgcc_s --pop-state -lc -lgcc --push-state --as-needed -lgcc_s --pop-state /usr/lib/gcc/aarch64-linux-gnu/8/crtendS.o /usr/lib/gcc/aarch64-linux-gnu/8/../../../aarch64-linux-gnu/crtn.o
COLLECT_GCC_OPTIONS='-v' '-o' 'cmTC_e8b83' '-mlittle-endian' '-mabi=lp64'
make[1]: Leaving directory '/root/GUI/jpeg2-6b/build/CMakeFiles/CMakeTmp'


Parsed C implicit link information from above output:
  link line regex: [^( *|.*[/\])(ld|CMAKE_LINK_STARTFILE-NOTFOUND|([^/\]+-)?ld|collect2)[^/\]*( |$)]
  ignore line: [Change Dir: /root/GUI/jpeg2-6b/build/CMakeFiles/CMakeTmp]
  ignore line: []
  ignore line: [Run Build Command:"/usr/bin/make" "cmTC_e8b83/fast"]
  ignore line: [/usr/bin/make -f CMakeFiles/cmTC_e8b83.dir/build.make CMakeFiles/cmTC_e8b83.dir/build]
  ignore line: [make[1]: Entering directory '/root/GUI/jpeg2-6b/build/CMakeFiles/CMakeTmp']
  ignore line: [Building C object CMakeFiles/cmTC_e8b83.dir/CMakeCCompilerABI.c.o]
  ignore line: [/usr/bin/cc    -o CMakeFiles/cmTC_e8b83.dir/CMakeCCompilerABI.c.o   -c /usr/share/cmake-3.13/Modules/CMakeCCompilerABI.c]
  ignore line: [Linking C executable cmTC_e8b83]
  ignore line: [/usr/bin/cmake -E cmake_link_script CMakeFiles/cmTC_e8b83.dir/link.txt --verbose=1]
  ignore line: [/usr/bin/cc     -v CMakeFiles/cmTC_e8b83.dir/CMakeCCompilerABI.c.o  -o cmTC_e8b83 ]
  ignore line: [Using built-in specs.]
  ignore line: [COLLECT_GCC=/usr/bin/cc]
  ignore line: [COLLECT_LTO_WRAPPER=/usr/lib/gcc/aarch64-linux-gnu/8/lto-wrapper]
  ignore line: [Target: aarch64-linux-gnu]
  ignore line: [Configured with: ../src/configure -v --with-pkgversion='Debian 8.3.0-6' --with-bugurl=file:///usr/share/doc/gcc-8/README.Bugs --enable-languages=c,ada,c++,go,d,fortran,objc,obj-c++ --prefix=/usr --with-gcc-major-version-only --program-suffix=-8 --program-prefix=aarch64-linux-gnu- --enable-shared --enable-linker-build-id --libexecdir=/usr/lib --without-included-gettext --enable-threads=posix --libdir=/usr/lib --enable-nls --enable-bootstrap --enable-clocale=gnu --enable-libstdcxx-debug --enable-libstdcxx-time=yes --with-default-libstdcxx-abi=new --enable-gnu-unique-object --disable-libquadmath --disable-libquadmath-support --enable-plugin --enable-default-pie --with-system-zlib --disable-libphobos --enable-multiarch --enable-fix-cortex-a53-843419 --disable-werror --enable-checking=release --build=aarch64-linux-gnu --host=aarch64-linux-gnu --target=aarch64-linux-gnu]
  ignore line: [Thread model: posix]
  ignore line: [gcc version 8.3.0 (Debian 8.3.0-6) ]
  ignore line: [COMPILER_PATH=/usr/lib/gcc/aarch64-linux-gnu/8/:/usr/lib/gcc/aarch64-linux-gnu/8/:/usr/lib/gcc/aarch64-linux-gnu/:/usr/lib/gcc/aarch64-linux-gnu/8/:/usr/lib/gcc/aarch64-linux-gnu/]
  ignore line: [LIBRARY_PATH=/usr/lib/gcc/aarch64-linux-gnu/8/:/usr/lib/gcc/aarch64-linux-gnu/8/../../../aarch64-linux-gnu/:/usr/lib/gcc/aarch64-linux-gnu/8/../../../../lib/:/lib/aarch64-linux-gnu/:/lib/../lib/:/usr/lib/aarch64-linux-gnu/:/usr/lib/../lib/:/usr/lib/gcc/aarch64-linux-gnu/8/../../../:/lib/:/usr/lib/]
  ignore line: [COLLECT_GCC_OPTIONS='-v' '-o' 'cmTC_e8b83' '-mlittle-endian' '-mabi=lp64']
  link line: [ /usr/lib/gcc/aarch64-linux-gnu/8/collect2 -plugin /usr/lib/gcc/aarch64-linux-gnu/8/liblto_plugin.so -plugin-opt=/usr/lib/gcc/aarch64-linux-gnu/8/lto-wrapper -plugin-opt=-fresolution=/tmp/ccQMHWia.res -plugin-opt=-pass-through=-lgcc -plugin-opt=-pass-through=-lgcc_s -plugin-opt=-pass-through=-lc -plugin-opt=-pass-through=-lgcc -plugin-opt=-pass-through=-lgcc_s --build-id --eh-frame-hdr --hash-style=gnu -dynamic-linker /lib/ld-linux-aarch64.so.1 -X -EL -maarch64linux --fix-cortex-a53-843419 -pie -o cmTC_e8b83 /usr/lib/gcc/aarch64-linux-gnu/8/../../../aarch64-linux-gnu/Scrt1.o /usr/lib/gcc/aarch64-linux-gnu/8/../../../aarch64-linux-gnu/crti.o /usr/lib/gcc/aarch64-linux-gnu/8/crtbeginS.o -L/usr/lib/gcc/aarch64-linux-gnu/8 -L/usr/lib/gcc/aarch64-linux-gnu/8/../../../aarch64-linux-gnu -L/usr/lib/gcc/aarch64-linux-gnu/8/../../../../lib -L/lib/aarch64-linux-gnu -L/lib/../lib -L/usr/lib/aarch64-linux-gnu -L/usr/lib/../lib -L/usr/lib/gcc/aarch64-linux-gnu/8/../../.. CMakeFiles/cmTC_e8b83.dir/CMakeCCompilerABI.c.o -lgcc --push-state --as-needed -lgcc_s --pop-state -lc -lgcc --push-state --as-needed -lgcc_s --pop-state /usr/lib/gcc/aarch64-linux-gnu/8/crtendS.o /usr/lib/gcc/aarch64-linux-gnu/8/../../../aarch64-linux-gnu/crtn.o]
    arg [/usr/lib/gcc/aarch64-linux-gnu/8/collect2] ==> ignore
    arg [-plugin] ==> ignore
    arg [/usr/lib/gcc/aarch64-linux-gnu/8/liblto_plugin.so] ==> ignore
    arg [-plugin-opt=/usr/lib/gcc/aarch64-linux-gnu/8/lto-wrapper] ==> ignore
    arg [-plugin-opt=-fresolution=/tmp/ccQMHWia.res] ==> ignore
    arg [-plugin-opt=-pass-through=-lgcc] ==> ignore
    arg [-plugin-opt=-pass-through=-lgcc_s] ==> ignore
    arg [-plugin-opt=-pass-through=-lc] ==> ignore
    arg [-plugin-opt=-pass-through=-lgcc] ==> ignore
    arg [-plugin-opt=-pass-through=-lgcc_s] ==> ignore
    arg [--build-id] ==> ignore
    arg [--eh-frame-hdr] ==> ignore
    arg [--hash-style=gnu] ==> ignore
    arg [-dynamic-linker] ==> ignore
    arg [/lib/ld-linux-aarch64.so.1] ==> ignore
    arg [-X] ==> ignore
    arg [-EL] ==> ignore
    arg [-maarch64linux] ==> ignore
    arg [--fix-cortex-a53-843419] ==> ignore
    arg [-pie] ==> ignore
    arg [-o] ==> ignore
    arg [cmTC_e8b83] ==> ignore
    arg [/usr/lib/gcc/aarch64-linux-gnu/8/../../../aarch64-linux-gnu/Scrt1.o] ==> ignore
    arg [/usr/lib/gcc/aarch64-linux-gnu/8/../../../aarch64-linux-gnu/crti.o] ==> ignore
    arg [/usr/lib/gcc/aarch64-linux-gnu/8/crtbeginS.o] ==> ignore
    arg [-L/usr/lib/gcc/aarch64-linux-gnu/8] ==> dir [/usr/lib/gcc/aarch64-linux-gnu/8]
    arg [-L/usr/lib/gcc/aarch64-linux-gnu/8/../../../aarch64-linux-gnu] ==> dir [/usr/lib/gcc/aarch64-linux-gnu/8/../../../aarch64-linux-gnu]
    arg [-L/usr/lib/gcc/aarch64-linux-gnu/8/../../../../lib] ==> dir [/usr/lib/gcc/aarch64-linux-gnu/8/../../../../lib]
    arg [-L/lib/aarch64-linux-gnu] ==> dir [/lib/aarch64-linux-gnu]
    arg [-L/lib/../lib] ==> dir [/lib/../lib]
    arg [-L/usr/lib/aarch64-linux-gnu] ==> dir [/usr/lib/aarch64-linux-gnu]
    arg [-L/usr/lib/../lib] ==> dir [/usr/lib/../lib]
    arg [-L/usr/lib/gcc/aarch64-linux-gnu/8/../../..] ==> dir [/usr/lib/gcc/aarch64-linux-gnu/8/../../..]
    arg [CMakeFiles/cmTC_e8b83.dir/CMakeCCompilerABI.c.o] ==> ignore
    arg [-lgcc] ==> lib [gcc]
    arg [--push-state] ==> ignore
    arg [--as-needed] ==> ignore
    arg [-lgcc_s] ==> lib [gcc_s]
    arg [--pop-state] ==> ignore
    arg [-lc] ==> lib [c]
    arg [-lgcc] ==> lib [gcc]
    arg [--push-state] ==> ignore
    arg [--as-needed] ==> ignore
    arg [-lgcc_s] ==> lib [gcc_s]
    arg [--pop-state] ==> ignore
    arg [/usr/lib/gcc/aarch64-linux-gnu/8/crtendS.o] ==> ignore
    arg [/usr/lib/gcc/aarch64-linux-gnu/8/../../../aarch64-linux-gnu/crtn.o] ==> ignore
  collapse library dir [/usr/lib/gcc/aarch64-linux-gnu/8] ==> [/usr/lib/gcc/aarch64-linux-gnu/8]
  collapse library dir [/usr/lib/gcc/aarch64-linux-gnu/8/../../../aarch64-linux-gnu] ==> [/usr/lib/aarch64-linux-gnu]
  collapse library dir [/usr/lib/gcc/aarch64-linux-gnu/8/../../../../lib] ==> [/usr/lib]
  collapse library dir [/lib/aarch64-linux-gnu] ==> [/lib/aarch64-linux-gnu]
  collapse library dir [/lib/../lib] ==> [/lib]
  collapse library dir [/usr/lib/aarch64-linux-gnu] ==> [/usr/lib/aarch64-linux-gnu]
  collapse library dir [/usr/lib/../lib] ==> [/usr/lib]
  collapse library dir [/usr/lib/gcc/aarch64-linux-gnu/8/../../..] ==> [/usr/lib]
  implicit libs: [gcc;gcc_s;c;gcc;gcc_s]
  implicit dirs: [/usr/lib/gcc/aarch64-linux-gnu/8;/usr/lib/aarch64-linux-gnu;/usr/lib;/lib/aarch64-linux-gnu;/lib]
  implicit fwks: []




Detecting C [-std=c11] compiler features compiled with the following output:
Change Dir: /root/GUI/jpeg2-6b/build/CMakeFiles/CMakeTmp

Run Build Command:"/usr/bin/make" "cmTC_74e03/fast"
/usr/bin/make -f CMakeFiles/cmTC_74e03.dir/build.make CMakeFiles/cmTC_74e03.dir/build
make[1]: Entering directory '/root/GUI/jpeg2-6b/build/CMakeFiles/CMakeTmp'
Building C object CMakeFiles/cmTC_74e03.dir/feature_tests.c.o
/usr/bin/cc   -std=c11 -o CMakeFiles/cmTC_74e03.dir/feature_tests.c.o   -c /root/GUI/jpeg2-6b/build/CMakeFiles/feature_tests.c
Linking C executable cmTC_74e03
/usr/bin/cmake -E cmake_link_script CMakeFiles/cmTC_74e03.dir/link.txt --verbose=1
/usr/bin/cc      CMakeFiles/cmTC_74e03.dir/feature_tests.c.o  -o cmTC_74e03 
make[1]: Leaving directory '/root/GUI/jpeg2-6b/build/CMakeFiles/CMakeTmp'


    Feature record: C_FEATURE:1c_function_prototypes
    Feature record: C_FEATURE:1c_restrict
    Feature record: C_FEATURE:1c_static_assert
    Feature record: C_FEATURE:1c_variadic_macros


Detecting C [-std=c99] compiler features compiled with the following output:
Change Dir: /root/GUI/jpeg2-6b/build/CMakeFiles/CMakeTmp

Run Build Command:"/usr/bin/make" "cmTC_d4693/fast"
/usr/bin/make -f CMakeFiles/cmTC_d4693.dir/build.make CMakeFiles/cmTC_d4693.dir/build
make[1]: Entering directory '/root/GUI/jpeg2-6b/build/CMakeFiles/CMakeTmp'
Building C object CMakeFiles/cmTC_d4693.dir/feature_tests.c.o
/usr/bin/cc   -std=c99 -o CMakeFiles/cmTC_d4693.dir/feature_tests.c.o   -c /root/GUI/jpeg2-6b/build/CMakeFiles/feature_tests.c
Linking C executable cmTC_d4693
/usr/bin/cmake -E cmake_link_script CMakeFiles/cmTC_d4693.dir/link.txt --verbose=1
/usr/bin/cc      CMakeFiles/cmTC_d4693.dir/feature_tests.c.o  -o cmTC_d4693 
make[1]: Leaving directory '/root/GUI/jpeg2-6b/build/CMakeFiles/CMakeTmp'


    Feature record: C_FEATURE:1c_function_prototypes
    Feature record: C_FEATURE:1c_restrict
    Feature record: C_FEATURE:0c_static_assert
    Feature record: C_FEATURE:1c_variadic_macros


Detecting C [-std=c90] compiler features compiled with the following output:
Change Dir: /root/GUI/jpeg2-6b/build/CMakeFiles/CMakeTmp

Run Build Command:"/usr/bin/make" "cmTC_88f68/fast"
/usr/bin/make -f CMakeFiles/cmTC_88f68.dir/build.make CMakeFiles/cmTC_88f68.dir/build
make[1]: Entering directory '/root/GUI/jpeg2-6b/build/CMakeFiles/CMakeTmp'
Building C object CMakeFiles/cmTC_88f68.dir/feature_tests.c.o
/usr/bin/cc   -std=c90 -o CMakeFiles/cmTC_88f68.dir/feature_tests.c.o   -c /root/GUI/jpeg2-6b/build/CMakeFiles/feature_tests.c
Linking C executable cmTC_88f68
/usr/bin/cmake -E cmake_link_script CMakeFiles/cmTC_88f68.dir/link.txt --verbose=1
/usr/bin/cc      CMakeFiles/cmTC_88f68.dir/feature_tests.c.o  -o cmTC_88f68 
make[1]: Leaving directory '/root/GUI/jpeg2-6b/build/CMakeFiles/CMakeTmp'


    Feature record: C_FEATURE:1c_function_prototypes
    Feature record: C_FEATURE:0c_restrict
    Feature record: C_FEATURE:0c_static_assert
    Feature record: C_FEATURE:0c_variadic_macros
Determining if the include file sys/types.h exists passed with the following output:
Change Dir: /root/GUI/jpeg2-6b/build/CMakeFiles/CMakeTmp

Run Build Command:"/usr/bin/make" "cmTC_d6b3f/fast"
/usr/bin/make -f CMakeFiles/cmTC_d6b3f.dir/build.make CMakeFiles/cmTC_d6b3f.dir/build
make[1]: Entering directory '/root/GUI/jpeg2-6b/build/CMakeFiles/CMakeTmp'
Building C object CMakeFiles/cmTC_d6b3f.dir/CheckIncludeFile.c.o
/usr/bin/cc    -o CMakeFiles/cmTC_d6b3f.dir/CheckIncludeFile.c.o   -c /root/GUI/jpeg2-6b/build/CMakeFiles/CMakeTmp/CheckIncludeFile.c
Linking C executable cmTC_d6b3f
/usr/bin/cmake -E cmake_link_script CMakeFiles/cmTC_d6b3f.dir/link.txt --verbose=1
/usr/bin/cc      CMakeFiles/cmTC_d6b3f.dir/CheckIncludeFile.c.o  -o cmTC_d6b3f 
make[1]: Leaving directory '/root/GUI/jpeg2-6b/build/CMakeFiles/CMakeTmp'


Determining if the include file stdint.h exists passed with the following output:
Change Dir: /root/GUI/jpeg2-6b/build/CMakeFiles/CMakeTmp

Run Build Command:"/usr/bin/make" "cmTC_5c3b2/fast"
/usr/bin/make -f CMakeFiles/cmTC_5c3b2.dir/build.make CMakeFiles/cmTC_5c3b2.dir/build
make[1]: Entering directory '/root/GUI/jpeg2-6b/build/CMakeFiles/CMakeTmp'
Building C object CMakeFiles/cmTC_5c3b2.dir/CheckIncludeFile.c.o
/usr/bin/cc    -o CMakeFiles/cmTC_5c3b2.dir/CheckIncludeFile.c.o   -c /root/GUI/jpeg2-6b/build/CMakeFiles/CMakeTmp/CheckIncludeFile.c
Linking C executable cmTC_5c3b2
/usr/bin/cmake -E cmake_link_script CMakeFiles/cmTC_5c3b2.dir/link.txt --verbose=1
/usr/bin/cc      CMakeFiles/cmTC_5c3b2.dir/CheckIncludeFile.c.o  -o cmTC_5c3b2 
make[1]: Leaving directory '/root/GUI/jpeg2-6b/build/CMakeFiles/CMakeTmp'


Determining if the include file stddef.h exists passed with the following output:
Change Dir: /root/GUI/jpeg2-6b/build/CMakeFiles/CMakeTmp

Run Build Command:"/usr/bin/make" "cmTC_3f099/fast"
/usr/bin/make -f CMakeFiles/cmTC_3f099.dir/build.make CMakeFiles/cmTC_3f099.dir/build
make[1]: Entering directory '/root/GUI/jpeg2-6b/build/CMakeFiles/CMakeTmp'
Building C object CMakeFiles/cmTC_3f099.dir/CheckIncludeFile.c.o
/usr/bin/cc    -o CMakeFiles/cmTC_3f099.dir/CheckIncludeFile.c.o   -c /root/GUI/jpeg2-6b/build/CMakeFiles/CMakeTmp/CheckIncludeFile.c
Linking C executable cmTC_3f099
/usr/bin/cmake -E cmake_link_script CMakeFiles/cmTC_3f099.dir/link.txt --verbose=1
/usr/bin/cc      CMakeFiles/cmTC_3f099.dir/CheckIncludeFile.c.o  -o cmTC_3f099 
make[1]: Leaving directory '/root/GUI/jpeg2-6b/build/CMakeFiles/CMakeTmp'


Determining size of size_t passed with the following output:
Change Dir: /root/GUI/jpeg2-6b/build/CMakeFiles/CMakeTmp

Run Build Command:"/usr/bin/make" "cmTC_44a91/fast"
/usr/bin/make -f CMakeFiles/cmTC_44a91.dir/build.make CMakeFiles/cmTC_44a91.dir/build
make[1]: Entering directory '/root/GUI/jpeg2-6b/build/CMakeFiles/CMakeTmp'
Building C object CMakeFiles/cmTC_44a91.dir/SIZE_T.c.o
/usr/bin/cc    -o CMakeFiles/cmTC_44a91.dir/SIZE_T.c.o   -c /root/GUI/jpeg2-6b/build/CMakeFiles/CheckTypeSize/SIZE_T.c
Linking C executable cmTC_44a91
/usr/bin/cmake -E cmake_link_script CMakeFiles/cmTC_44a91.dir/link.txt --verbose=1
/usr/bin/cc      CMakeFiles/cmTC_44a91.dir/SIZE_T.c.o  -o cmTC_44a91 
make[1]: Leaving directory '/root/GUI/jpeg2-6b/build/CMakeFiles/CMakeTmp'


Determining size of unsigned long passed with the following output:
Change Dir: /root/GUI/jpeg2-6b/build/CMakeFiles/CMakeTmp

Run Build Command:"/usr/bin/make" "cmTC_4b958/fast"
/usr/bin/make -f CMakeFiles/cmTC_4b958.dir/build.make CMakeFiles/cmTC_4b958.dir/build
make[1]: Entering directory '/root/GUI/jpeg2-6b/build/CMakeFiles/CMakeTmp'
Building C object CMakeFiles/cmTC_4b958.dir/UNSIGNED_LONG.c.o
/usr/bin/cc    -o CMakeFiles/cmTC_4b958.dir/UNSIGNED_LONG.c.o   -c /root/GUI/jpeg2-6b/build/CMakeFiles/CheckTypeSize/UNSIGNED_LONG.c
Linking C executable cmTC_4b958
/usr/bin/cmake -E cmake_link_script CMakeFiles/cmTC_4b958.dir/link.txt --verbose=1
/usr/bin/cc      CMakeFiles/cmTC_4b958.dir/UNSIGNED_LONG.c.o  -o cmTC_4b958 
make[1]: Leaving directory '/root/GUI/jpeg2-6b/build/CMakeFiles/CMakeTmp'


Performing C SOURCE FILE Test HAVE_BUILTIN_CTZL succeeded with the following output:
Change Dir: /root/GUI/jpeg2-6b/build/CMakeFiles/CMakeTmp

Run Build Command:"/usr/bin/make" "cmTC_3bd7c/fast"
/usr/bin/make -f CMakeFiles/cmTC_3bd7c.dir/build.make CMakeFiles/cmTC_3bd7c.dir/build
make[1]: Entering directory '/root/GUI/jpeg2-6b/build/CMakeFiles/CMakeTmp'
Building C object CMakeFiles/cmTC_3bd7c.dir/src.c.o
/usr/bin/cc   -DHAVE_BUILTIN_CTZL   -o CMakeFiles/cmTC_3bd7c.dir/src.c.o   -c /root/GUI/jpeg2-6b/build/CMakeFiles/CMakeTmp/src.c
Linking C executable cmTC_3bd7c
/usr/bin/cmake -E cmake_link_script CMakeFiles/cmTC_3bd7c.dir/link.txt --verbose=1
/usr/bin/cc  -DHAVE_BUILTIN_CTZL    CMakeFiles/cmTC_3bd7c.dir/src.c.o  -o cmTC_3bd7c 
make[1]: Leaving directory '/root/GUI/jpeg2-6b/build/CMakeFiles/CMakeTmp'

Source file was:
int main(int argc, char **argv) { unsigned long a = argc;  return __builtin_ctzl(a); }
Performing C SOURCE FILE Test INLINE_WORKS succeeded with the following output:
Change Dir: /root/GUI/jpeg2-6b/build/CMakeFiles/CMakeTmp

Run Build Command:"/usr/bin/make" "cmTC_cea91/fast"
/usr/bin/make -f CMakeFiles/cmTC_cea91.dir/build.make CMakeFiles/cmTC_cea91.dir/build
make[1]: Entering directory '/root/GUI/jpeg2-6b/build/CMakeFiles/CMakeTmp'
Building C object CMakeFiles/cmTC_cea91.dir/src.c.o
/usr/bin/cc   -DINLINE_WORKS   -o CMakeFiles/cmTC_cea91.dir/src.c.o   -c /root/GUI/jpeg2-6b/build/CMakeFiles/CMakeTmp/src.c
Linking C executable cmTC_cea91
/usr/bin/cmake -E cmake_link_script CMakeFiles/cmTC_cea91.dir/link.txt --verbose=1
/usr/bin/cc  -DINLINE_WORKS    CMakeFiles/cmTC_cea91.dir/src.c.o  -o cmTC_cea91 
make[1]: Leaving directory '/root/GUI/jpeg2-6b/build/CMakeFiles/CMakeTmp'

Source file was:
__inline__ __attribute__((always_inline)) static int foo(void) { return 0; } int main(void) { return foo(); }
Performing C SOURCE FILE Test HAVE_THREAD_LOCAL succeeded with the following output:
Change Dir: /root/GUI/jpeg2-6b/build/CMakeFiles/CMakeTmp

Run Build Command:"/usr/bin/make" "cmTC_16b38/fast"
/usr/bin/make -f CMakeFiles/cmTC_16b38.dir/build.make CMakeFiles/cmTC_16b38.dir/build
make[1]: Entering directory '/root/GUI/jpeg2-6b/build/CMakeFiles/CMakeTmp'
Building C object CMakeFiles/cmTC_16b38.dir/src.c.o
/usr/bin/cc   -DHAVE_THREAD_LOCAL   -o CMakeFiles/cmTC_16b38.dir/src.c.o   -c /root/GUI/jpeg2-6b/build/CMakeFiles/CMakeTmp/src.c
Linking C executable cmTC_16b38
/usr/bin/cmake -E cmake_link_script CMakeFiles/cmTC_16b38.dir/link.txt --verbose=1
/usr/bin/cc  -DHAVE_THREAD_LOCAL    CMakeFiles/cmTC_16b38.dir/src.c.o  -o cmTC_16b38 
make[1]: Leaving directory '/root/GUI/jpeg2-6b/build/CMakeFiles/CMakeTmp'

Source file was:
__thread int i;  int main(void) { i = 0;  return i; }
Performing C SOURCE FILE Test HAVE_VERSION_SCRIPT succeeded with the following output:
Change Dir: /root/GUI/jpeg2-6b/build/CMakeFiles/CMakeTmp

Run Build Command:"/usr/bin/make" "cmTC_c1004/fast"
/usr/bin/make -f CMakeFiles/cmTC_c1004.dir/build.make CMakeFiles/cmTC_c1004.dir/build
make[1]: Entering directory '/root/GUI/jpeg2-6b/build/CMakeFiles/CMakeTmp'
Building C object CMakeFiles/cmTC_c1004.dir/src.c.o
/usr/bin/cc   -DHAVE_VERSION_SCRIPT -Wl,--version-script,/root/GUI/jpeg2-6b/build/conftest.map   -o CMakeFiles/cmTC_c1004.dir/src.c.o   -c /root/GUI/jpeg2-6b/build/CMakeFiles/CMakeTmp/src.c
Linking C executable cmTC_c1004
/usr/bin/cmake -E cmake_link_script CMakeFiles/cmTC_c1004.dir/link.txt --verbose=1
/usr/bin/cc  -DHAVE_VERSION_SCRIPT -Wl,--version-script,/root/GUI/jpeg2-6b/build/conftest.map    CMakeFiles/cmTC_c1004.dir/src.c.o  -o cmTC_c1004 
make[1]: Leaving directory '/root/GUI/jpeg2-6b/build/CMakeFiles/CMakeTmp'

Source file was:
int main(void) { return 0; }
Performing C SOURCE FILE Test HAVE_VLD1_U16_X2 succeeded with the following output:
Change Dir: /root/GUI/jpeg2-6b/build/CMakeFiles/CMakeTmp

Run Build Command:"/usr/bin/make" "cmTC_dc38b/fast"
/usr/bin/make -f CMakeFiles/cmTC_dc38b.dir/build.make CMakeFiles/cmTC_dc38b.dir/build
make[1]: Entering directory '/root/GUI/jpeg2-6b/build/CMakeFiles/CMakeTmp'
Building C object CMakeFiles/cmTC_dc38b.dir/src.c.o
/usr/bin/cc   -DHAVE_VLD1_U16_X2   -o CMakeFiles/cmTC_dc38b.dir/src.c.o   -c /root/GUI/jpeg2-6b/build/CMakeFiles/CMakeTmp/src.c
Linking C executable cmTC_dc38b
/usr/bin/cmake -E cmake_link_script CMakeFiles/cmTC_dc38b.dir/link.txt --verbose=1
/usr/bin/cc  -DHAVE_VLD1_U16_X2    CMakeFiles/cmTC_dc38b.dir/src.c.o  -o cmTC_dc38b 
make[1]: Leaving directory '/root/GUI/jpeg2-6b/build/CMakeFiles/CMakeTmp'

Source file was:

  #include <arm_neon.h>
  int main(int argc, char **argv) {
    uint16_t input[] = {
      (uint16_t)argc, (uint16_t)argc, (uint16_t)argc, (uint16_t)argc,
      (uint16_t)argc, (uint16_t)argc, (uint16_t)argc, (uint16_t)argc
    };
    uint16x4x2_t output = vld1_u16_x2(input);
    vst2_u16(input, output);
    return (int)input[0];
  }
Checking whether the ASM compiler is GNU using "--version" matched "(GNU assembler)|(GCC)|(Free Software Foundation)":
cc (Debian 8.3.0-6) 8.3.0
Copyright (C) 2018 Free Software Foundation, Inc.
This is free software; see the source for copying conditions.  There is NO
warranty; not even for MERCHANTABILITY or FITNESS FOR A PARTICULAR PURPOSE.

