The system is: Linux - 4.19.115 - aarch64
Compiling the C compiler identification source file "CMakeCCompilerId.c" succeeded.
Compiler: /usr/bin/cc 
Build flags: 
Id flags:  

The output was:
0


Compilation of the C compiler identification source "CMakeCCompilerId.c" produced "a.out"

The C compiler identification is GNU, found in "/root/GUI/jpeg-neon-pthread/build/CMakeFiles/3.18.3/CompilerIdC/a.out"

Detecting C compiler ABI info compiled with the following output:
Change Dir: /root/GUI/jpeg-neon-pthread/build/CMakeFiles/CMakeTmp

Run Build Command(s):/usr/bin/make cmTC_056a8/fast && /usr/bin/make  -f CMakeFiles/cmTC_056a8.dir/build.make CMakeFiles/cmTC_056a8.dir/build
make[1]: Entering directory '/root/GUI/jpeg-neon-pthread/build/CMakeFiles/CMakeTmp'
Building C object CMakeFiles/cmTC_056a8.dir/CMakeCCompilerABI.c.o
/usr/bin/cc   -v -o CMakeFiles/cmTC_056a8.dir/CMakeCCompilerABI.c.o -c /usr/local/share/cmake-3.18/Modules/CMakeCCompilerABI.c
Using built-in specs.
COLLECT_GCC=/usr/bin/cc
Target: aarch64-linux-gnu
Configured with: ../src/configure -v --with-pkgversion='Debian 8.3.0-6' --with-bugurl=file:///usr/share/doc/gcc-8/README.Bugs --enable-languages=c,ada,c++,go,d,fortran,objc,obj-c++ --prefix=/usr --with-gcc-major-version-only --program-suffix=-8 --program-prefix=aarch64-linux-gnu- --enable-shared --enable-linker-build-id --libexecdir=/usr/lib --without-included-gettext --enable-threads=posix --libdir=/usr/lib --enable-nls --enable-bootstrap --enable-clocale=gnu --enable-libstdcxx-debug --enable-libstdcxx-time=yes --with-default-libstdcxx-abi=new --enable-gnu-unique-object --disable-libquadmath --disable-libquadmath-support --enable-plugin --enable-default-pie --with-system-zlib --disable-libphobos --enable-multiarch --enable-fix-cortex-a53-843419 --disable-werror --enable-checking=release --build=aarch64-linux-gnu --host=aarch64-linux-gnu --target=aarch64-linux-gnu
Thread model: posix
gcc version 8.3.0 (Debian 8.3.0-6) 
COLLECT_GCC_OPTIONS='-v' '-o' 'CMakeFiles/cmTC_056a8.dir/CMakeCCompilerABI.c.o' '-c' '-mlittle-endian' '-mabi=lp64'
 /usr/lib/gcc/aarch64-linux-gnu/8/cc1 -quiet -v -imultiarch aarch64-linux-gnu /usr/local/share/cmake-3.18/Modules/CMakeCCompilerABI.c -quiet -dumpbase CMakeCCompilerABI.c -mlittle-endian -mabi=lp64 -auxbase-strip CMakeFiles/cmTC_056a8.dir/CMakeCCompilerABI.c.o -version -o /tmp/ccPwJc2L.s
GNU C17 (Debian 8.3.0-6) version 8.3.0 (aarch64-linux-gnu)
	compiled by GNU C version 8.3.0, GMP version 6.1.2, MPFR version 4.0.2, MPC version 1.1.0, isl version isl-0.20-GMP

warning: GMP header version 6.1.2 differs from library version 6.2.1.
GGC heuristics: --param ggc-min-expand=100 --param ggc-min-heapsize=131072
ignoring nonexistent directory "/usr/local/include/aarch64-linux-gnu"
ignoring nonexistent directory "/usr/lib/gcc/aarch64-linux-gnu/8/../../../../aarch64-linux-gnu/include"
#include "..." search starts here:
#include <...> search starts here:
 /usr/lib/gcc/aarch64-linux-gnu/8/include
 /usr/local/include
 /usr/lib/gcc/aarch64-linux-gnu/8/include-fixed
 /usr/include/aarch64-linux-gnu
 /usr/include
End of search list.
GNU C17 (Debian 8.3.0-6) version 8.3.0 (aarch64-linux-gnu)
	compiled by GNU C version 8.3.0, GMP version 6.1.2, MPFR version 4.0.2, MPC version 1.1.0, isl version isl-0.20-GMP

warning: GMP header version 6.1.2 differs from library version 6.2.1.
GGC heuristics: --param ggc-min-expand=100 --param ggc-min-heapsize=131072
Compiler executable checksum: b68f6f266e9be479e3064a3b1dd2dd2d
COLLECT_GCC_OPTIONS='-v' '-o' 'CMakeFiles/cmTC_056a8.dir/CMakeCCompilerABI.c.o' '-c' '-mlittle-endian' '-mabi=lp64'
 as -v -EL -mabi=lp64 -o CMakeFiles/cmTC_056a8.dir/CMakeCCompilerABI.c.o /tmp/ccPwJc2L.s
GNU assembler version 2.31.1 (aarch64-linux-gnu) using BFD version (GNU Binutils for Debian) 2.31.1
COMPILER_PATH=/usr/lib/gcc/aarch64-linux-gnu/8/:/usr/lib/gcc/aarch64-linux-gnu/8/:/usr/lib/gcc/aarch64-linux-gnu/:/usr/lib/gcc/aarch64-linux-gnu/8/:/usr/lib/gcc/aarch64-linux-gnu/
LIBRARY_PATH=/usr/lib/gcc/aarch64-linux-gnu/8/:/usr/lib/gcc/aarch64-linux-gnu/8/../../../aarch64-linux-gnu/:/usr/lib/gcc/aarch64-linux-gnu/8/../../../../lib/:/lib/aarch64-linux-gnu/:/lib/../lib/:/usr/lib/aarch64-linux-gnu/:/usr/lib/../lib/:/usr/lib/gcc/aarch64-linux-gnu/8/../../../:/lib/:/usr/lib/
COLLECT_GCC_OPTIONS='-v' '-o' 'CMakeFiles/cmTC_056a8.dir/CMakeCCompilerABI.c.o' '-c' '-mlittle-endian' '-mabi=lp64'
Linking C executable cmTC_056a8
/usr/local/bin/cmake -E cmake_link_script CMakeFiles/cmTC_056a8.dir/link.txt --verbose=1
/usr/bin/cc  -v CMakeFiles/cmTC_056a8.dir/CMakeCCompilerABI.c.o -o cmTC_056a8 
Using built-in specs.
COLLECT_GCC=/usr/bin/cc
COLLECT_LTO_WRAPPER=/usr/lib/gcc/aarch64-linux-gnu/8/lto-wrapper
Target: aarch64-linux-gnu
Configured with: ../src/configure -v --with-pkgversion='Debian 8.3.0-6' --with-bugurl=file:///usr/share/doc/gcc-8/README.Bugs --enable-languages=c,ada,c++,go,d,fortran,objc,obj-c++ --prefix=/usr --with-gcc-major-version-only --program-suffix=-8 --program-prefix=aarch64-linux-gnu- --enable-shared --enable-linker-build-id --libexecdir=/usr/lib --without-included-gettext --enable-threads=posix --libdir=/usr/lib --enable-nls --enable-bootstrap --enable-clocale=gnu --enable-libstdcxx-debug --enable-libstdcxx-time=yes --with-default-libstdcxx-abi=new --enable-gnu-unique-object --disable-libquadmath --disable-libquadmath-support --enable-plugin --enable-default-pie --with-system-zlib --disable-libphobos --enable-multiarch --enable-fix-cortex-a53-843419 --disable-werror --enable-checking=release --build=aarch64-linux-gnu --host=aarch64-linux-gnu --target=aarch64-linux-gnu
Thread model: posix
gcc version 8.3.0 (Debian 8.3.0-6) 
COMPILER_PATH=/usr/lib/gcc/aarch64-linux-gnu/8/:/usr/lib/gcc/aarch64-linux-gnu/8/:/usr/lib/gcc/aarch64-linux-gnu/:/usr/lib/gcc/aarch64-linux-gnu/8/:/usr/lib/gcc/aarch64-linux-gnu/
LIBRARY_PATH=/usr/lib/gcc/aarch64-linux-gnu/8/:/usr/lib/gcc/aarch64-linux-gnu/8/../../../aarch64-linux-gnu/:/usr/lib/gcc/aarch64-linux-gnu/8/../../../../lib/:/lib/aarch64-linux-gnu/:/lib/../lib/:/usr/lib/aarch64-linux-gnu/:/usr/lib/../lib/:/usr/lib/gcc/aarch64-linux-gnu/8/../../../:/lib/:/usr/lib/
COLLECT_GCC_OPTIONS='-v' '-o' 'cmTC_056a8' '-mlittle-endian' '-mabi=lp64'
 /usr/lib/gcc/aarch64-linux-gnu/8/collect2 -plugin /usr/lib/gcc/aarch64-linux-gnu/8/liblto_plugin.so -plugin-opt=/usr/lib/gcc/aarch64-linux-gnu/8/lto-wrapper -plugin-opt=-fresolution=/tmp/cc4iNLgY.res -plugin-opt=-pass-through=-lgcc -plugin-opt=-pass-through=-lgcc_s -plugin-opt=-pass-through=-lc -plugin-opt=-pass-through=-lgcc -plugin-opt=-pass-through=-lgcc_s --build-id --eh-frame-hdr --hash-style=gnu -dynamic-linker /lib/ld-linux-aarch64.so.1 -X -EL -maarch64linux --fix-cortex-a53-843419 -pie -o cmTC_056a8 /usr/lib/gcc/aarch64-linux-gnu/8/../../../aarch64-linux-gnu/Scrt1.o /usr/lib/gcc/aarch64-linux-gnu/8/../../../aarch64-linux-gnu/crti.o /usr/lib/gcc/aarch64-linux-gnu/8/crtbeginS.o -L/usr/lib/gcc/aarch64-linux-gnu/8 -L/usr/lib/gcc/aarch64-linux-gnu/8/../../../aarch64-linux-gnu -L/usr/lib/gcc/aarch64-linux-gnu/8/../../../../lib -L/lib/aarch64-linux-gnu -L/lib/../lib -L/usr/lib/aarch64-linux-gnu -L/usr/lib/../lib -L/usr/lib/gcc/aarch64-linux-gnu/8/../../.. CMakeFiles/cmTC_056a8.dir/CMakeCCompilerABI.c.o -lgcc --push-state --as-needed -lgcc_s --pop-state -lc -lgcc --push-state --as-needed -lgcc_s --pop-state /usr/lib/gcc/aarch64-linux-gnu/8/crtendS.o /usr/lib/gcc/aarch64-linux-gnu/8/../../../aarch64-linux-gnu/crtn.o
COLLECT_GCC_OPTIONS='-v' '-o' 'cmTC_056a8' '-mlittle-endian' '-mabi=lp64'
make[1]: Leaving directory '/root/GUI/jpeg-neon-pthread/build/CMakeFiles/CMakeTmp'



Parsed C implicit include dir info from above output: rv=done
  found start of include info
  found start of implicit include info
    add: [/usr/lib/gcc/aarch64-linux-gnu/8/include]
    add: [/usr/local/include]
    add: [/usr/lib/gcc/aarch64-linux-gnu/8/include-fixed]
    add: [/usr/include/aarch64-linux-gnu]
    add: [/usr/include]
  end of search list found
  collapse include dir [/usr/lib/gcc/aarch64-linux-gnu/8/include] ==> [/usr/lib/gcc/aarch64-linux-gnu/8/include]
  collapse include dir [/usr/local/include] ==> [/usr/local/include]
  collapse include dir [/usr/lib/gcc/aarch64-linux-gnu/8/include-fixed] ==> [/usr/lib/gcc/aarch64-linux-gnu/8/include-fixed]
  collapse include dir [/usr/include/aarch64-linux-gnu] ==> [/usr/include/aarch64-linux-gnu]
  collapse include dir [/usr/include] ==> [/usr/include]
  implicit include dirs: [/usr/lib/gcc/aarch64-linux-gnu/8/include;/usr/local/include;/usr/lib/gcc/aarch64-linux-gnu/8/include-fixed;/usr/include/aarch64-linux-gnu;/usr/include]


Parsed C implicit link information from above output:
  link line regex: [^( *|.*[/\])(ld|CMAKE_LINK_STARTFILE-NOTFOUND|([^/\]+-)?ld|collect2)[^/\]*( |$)]
  ignore line: [Change Dir: /root/GUI/jpeg-neon-pthread/build/CMakeFiles/CMakeTmp]
  ignore line: []
  ignore line: [Run Build Command(s):/usr/bin/make cmTC_056a8/fast && /usr/bin/make  -f CMakeFiles/cmTC_056a8.dir/build.make CMakeFiles/cmTC_056a8.dir/build]
  ignore line: [make[1]: Entering directory '/root/GUI/jpeg-neon-pthread/build/CMakeFiles/CMakeTmp']
  ignore line: [Building C object CMakeFiles/cmTC_056a8.dir/CMakeCCompilerABI.c.o]
  ignore line: [/usr/bin/cc   -v -o CMakeFiles/cmTC_056a8.dir/CMakeCCompilerABI.c.o -c /usr/local/share/cmake-3.18/Modules/CMakeCCompilerABI.c]
  ignore line: [Using built-in specs.]
  ignore line: [COLLECT_GCC=/usr/bin/cc]
  ignore line: [Target: aarch64-linux-gnu]
  ignore line: [Configured with: ../src/configure -v --with-pkgversion='Debian 8.3.0-6' --with-bugurl=file:///usr/share/doc/gcc-8/README.Bugs --enable-languages=c ada c++ go d fortran objc obj-c++ --prefix=/usr --with-gcc-major-version-only --program-suffix=-8 --program-prefix=aarch64-linux-gnu- --enable-shared --enable-linker-build-id --libexecdir=/usr/lib --without-included-gettext --enable-threads=posix --libdir=/usr/lib --enable-nls --enable-bootstrap --enable-clocale=gnu --enable-libstdcxx-debug --enable-libstdcxx-time=yes --with-default-libstdcxx-abi=new --enable-gnu-unique-object --disable-libquadmath --disable-libquadmath-support --enable-plugin --enable-default-pie --with-system-zlib --disable-libphobos --enable-multiarch --enable-fix-cortex-a53-843419 --disable-werror --enable-checking=release --build=aarch64-linux-gnu --host=aarch64-linux-gnu --target=aarch64-linux-gnu]
  ignore line: [Thread model: posix]
  ignore line: [gcc version 8.3.0 (Debian 8.3.0-6) ]
  ignore line: [COLLECT_GCC_OPTIONS='-v' '-o' 'CMakeFiles/cmTC_056a8.dir/CMakeCCompilerABI.c.o' '-c' '-mlittle-endian' '-mabi=lp64']
  ignore line: [ /usr/lib/gcc/aarch64-linux-gnu/8/cc1 -quiet -v -imultiarch aarch64-linux-gnu /usr/local/share/cmake-3.18/Modules/CMakeCCompilerABI.c -quiet -dumpbase CMakeCCompilerABI.c -mlittle-endian -mabi=lp64 -auxbase-strip CMakeFiles/cmTC_056a8.dir/CMakeCCompilerABI.c.o -version -o /tmp/ccPwJc2L.s]
  ignore line: [GNU C17 (Debian 8.3.0-6) version 8.3.0 (aarch64-linux-gnu)]
  ignore line: [	compiled by GNU C version 8.3.0  GMP version 6.1.2  MPFR version 4.0.2  MPC version 1.1.0  isl version isl-0.20-GMP]
  ignore line: []
  ignore line: [warning: GMP header version 6.1.2 differs from library version 6.2.1.]
  ignore line: [GGC heuristics: --param ggc-min-expand=100 --param ggc-min-heapsize=131072]
  ignore line: [ignoring nonexistent directory "/usr/local/include/aarch64-linux-gnu"]
  ignore line: [ignoring nonexistent directory "/usr/lib/gcc/aarch64-linux-gnu/8/../../../../aarch64-linux-gnu/include"]
  ignore line: [#include "..." search starts here:]
  ignore line: [#include <...> search starts here:]
  ignore line: [ /usr/lib/gcc/aarch64-linux-gnu/8/include]
  ignore line: [ /usr/local/include]
  ignore line: [ /usr/lib/gcc/aarch64-linux-gnu/8/include-fixed]
  ignore line: [ /usr/include/aarch64-linux-gnu]
  ignore line: [ /usr/include]
  ignore line: [End of search list.]
  ignore line: [GNU C17 (Debian 8.3.0-6) version 8.3.0 (aarch64-linux-gnu)]
  ignore line: [	compiled by GNU C version 8.3.0  GMP version 6.1.2  MPFR version 4.0.2  MPC version 1.1.0  isl version isl-0.20-GMP]
  ignore line: []
  ignore line: [warning: GMP header version 6.1.2 differs from library version 6.2.1.]
  ignore line: [GGC heuristics: --param ggc-min-expand=100 --param ggc-min-heapsize=131072]
  ignore line: [Compiler executable checksum: b68f6f266e9be479e3064a3b1dd2dd2d]
  ignore line: [COLLECT_GCC_OPTIONS='-v' '-o' 'CMakeFiles/cmTC_056a8.dir/CMakeCCompilerABI.c.o' '-c' '-mlittle-endian' '-mabi=lp64']
  ignore line: [ as -v -EL -mabi=lp64 -o CMakeFiles/cmTC_056a8.dir/CMakeCCompilerABI.c.o /tmp/ccPwJc2L.s]
  ignore line: [GNU assembler version 2.31.1 (aarch64-linux-gnu) using BFD version (GNU Binutils for Debian) 2.31.1]
  ignore line: [COMPILER_PATH=/usr/lib/gcc/aarch64-linux-gnu/8/:/usr/lib/gcc/aarch64-linux-gnu/8/:/usr/lib/gcc/aarch64-linux-gnu/:/usr/lib/gcc/aarch64-linux-gnu/8/:/usr/lib/gcc/aarch64-linux-gnu/]
  ignore line: [LIBRARY_PATH=/usr/lib/gcc/aarch64-linux-gnu/8/:/usr/lib/gcc/aarch64-linux-gnu/8/../../../aarch64-linux-gnu/:/usr/lib/gcc/aarch64-linux-gnu/8/../../../../lib/:/lib/aarch64-linux-gnu/:/lib/../lib/:/usr/lib/aarch64-linux-gnu/:/usr/lib/../lib/:/usr/lib/gcc/aarch64-linux-gnu/8/../../../:/lib/:/usr/lib/]
  ignore line: [COLLECT_GCC_OPTIONS='-v' '-o' 'CMakeFiles/cmTC_056a8.dir/CMakeCCompilerABI.c.o' '-c' '-mlittle-endian' '-mabi=lp64']
  ignore line: [Linking C executable cmTC_056a8]
  ignore line: [/usr/local/bin/cmake -E cmake_link_script CMakeFiles/cmTC_056a8.dir/link.txt --verbose=1]
  ignore line: [/usr/bin/cc  -v CMakeFiles/cmTC_056a8.dir/CMakeCCompilerABI.c.o -o cmTC_056a8 ]
  ignore line: [Using built-in specs.]
  ignore line: [COLLECT_GCC=/usr/bin/cc]
  ignore line: [COLLECT_LTO_WRAPPER=/usr/lib/gcc/aarch64-linux-gnu/8/lto-wrapper]
  ignore line: [Target: aarch64-linux-gnu]
  ignore line: [Configured with: ../src/configure -v --with-pkgversion='Debian 8.3.0-6' --with-bugurl=file:///usr/share/doc/gcc-8/README.Bugs --enable-languages=c ada c++ go d fortran objc obj-c++ --prefix=/usr --with-gcc-major-version-only --program-suffix=-8 --program-prefix=aarch64-linux-gnu- --enable-shared --enable-linker-build-id --libexecdir=/usr/lib --without-included-gettext --enable-threads=posix --libdir=/usr/lib --enable-nls --enable-bootstrap --enable-clocale=gnu --enable-libstdcxx-debug --enable-libstdcxx-time=yes --with-default-libstdcxx-abi=new --enable-gnu-unique-object --disable-libquadmath --disable-libquadmath-support --enable-plugin --enable-default-pie --with-system-zlib --disable-libphobos --enable-multiarch --enable-fix-cortex-a53-843419 --disable-werror --enable-checking=release --build=aarch64-linux-gnu --host=aarch64-linux-gnu --target=aarch64-linux-gnu]
  ignore line: [Thread model: posix]
  ignore line: [gcc version 8.3.0 (Debian 8.3.0-6) ]
  ignore line: [COMPILER_PATH=/usr/lib/gcc/aarch64-linux-gnu/8/:/usr/lib/gcc/aarch64-linux-gnu/8/:/usr/lib/gcc/aarch64-linux-gnu/:/usr/lib/gcc/aarch64-linux-gnu/8/:/usr/lib/gcc/aarch64-linux-gnu/]
  ignore line: [LIBRARY_PATH=/usr/lib/gcc/aarch64-linux-gnu/8/:/usr/lib/gcc/aarch64-linux-gnu/8/../../../aarch64-linux-gnu/:/usr/lib/gcc/aarch64-linux-gnu/8/../../../../lib/:/lib/aarch64-linux-gnu/:/lib/../lib/:/usr/lib/aarch64-linux-gnu/:/usr/lib/../lib/:/usr/lib/gcc/aarch64-linux-gnu/8/../../../:/lib/:/usr/lib/]
  ignore line: [COLLECT_GCC_OPTIONS='-v' '-o' 'cmTC_056a8' '-mlittle-endian' '-mabi=lp64']
  link line: [ /usr/lib/gcc/aarch64-linux-gnu/8/collect2 -plugin /usr/lib/gcc/aarch64-linux-gnu/8/liblto_plugin.so -plugin-opt=/usr/lib/gcc/aarch64-linux-gnu/8/lto-wrapper -plugin-opt=-fresolution=/tmp/cc4iNLgY.res -plugin-opt=-pass-through=-lgcc -plugin-opt=-pass-through=-lgcc_s -plugin-opt=-pass-through=-lc -plugin-opt=-pass-through=-lgcc -plugin-opt=-pass-through=-lgcc_s --build-id --eh-frame-hdr --hash-style=gnu -dynamic-linker /lib/ld-linux-aarch64.so.1 -X -EL -maarch64linux --fix-cortex-a53-843419 -pie -o cmTC_056a8 /usr/lib/gcc/aarch64-linux-gnu/8/../../../aarch64-linux-gnu/Scrt1.o /usr/lib/gcc/aarch64-linux-gnu/8/../../../aarch64-linux-gnu/crti.o /usr/lib/gcc/aarch64-linux-gnu/8/crtbeginS.o -L/usr/lib/gcc/aarch64-linux-gnu/8 -L/usr/lib/gcc/aarch64-linux-gnu/8/../../../aarch64-linux-gnu -L/usr/lib/gcc/aarch64-linux-gnu/8/../../../../lib -L/lib/aarch64-linux-gnu -L/lib/../lib -L/usr/lib/aarch64-linux-gnu -L/usr/lib/../lib -L/usr/lib/gcc/aarch64-linux-gnu/8/../../.. CMakeFiles/cmTC_056a8.dir/CMakeCCompilerABI.c.o -lgcc --push-state --as-needed -lgcc_s --pop-state -lc -lgcc --push-state --as-needed -lgcc_s --pop-state /usr/lib/gcc/aarch64-linux-gnu/8/crtendS.o /usr/lib/gcc/aarch64-linux-gnu/8/../../../aarch64-linux-gnu/crtn.o]
    arg [/usr/lib/gcc/aarch64-linux-gnu/8/collect2] ==> ignore
    arg [-plugin] ==> ignore
    arg [/usr/lib/gcc/aarch64-linux-gnu/8/liblto_plugin.so] ==> ignore
    arg [-plugin-opt=/usr/lib/gcc/aarch64-linux-gnu/8/lto-wrapper] ==> ignore
    arg [-plugin-opt=-fresolution=/tmp/cc4iNLgY.res] ==> ignore
    arg [-plugin-opt=-pass-through=-lgcc] ==> ignore
    arg [-plugin-opt=-pass-through=-lgcc_s] ==> ignore
    arg [-plugin-opt=-pass-through=-lc] ==> ignore
    arg [-plugin-opt=-pass-through=-lgcc] ==> ignore
    arg [-plugin-opt=-pass-through=-lgcc_s] ==> ignore
    arg [--build-id] ==> ignore
    arg [--eh-frame-hdr] ==> ignore
    arg [--hash-style=gnu] ==> ignore
    arg [-dynamic-linker] ==> ignore
    arg [/lib/ld-linux-aarch64.so.1] ==> ignore
    arg [-X] ==> ignore
    arg [-EL] ==> ignore
    arg [-maarch64linux] ==> ignore
    arg [--fix-cortex-a53-843419] ==> ignore
    arg [-pie] ==> ignore
    arg [-o] ==> ignore
    arg [cmTC_056a8] ==> ignore
    arg [/usr/lib/gcc/aarch64-linux-gnu/8/../../../aarch64-linux-gnu/Scrt1.o] ==> ignore
    arg [/usr/lib/gcc/aarch64-linux-gnu/8/../../../aarch64-linux-gnu/crti.o] ==> ignore
    arg [/usr/lib/gcc/aarch64-linux-gnu/8/crtbeginS.o] ==> ignore
    arg [-L/usr/lib/gcc/aarch64-linux-gnu/8] ==> dir [/usr/lib/gcc/aarch64-linux-gnu/8]
    arg [-L/usr/lib/gcc/aarch64-linux-gnu/8/../../../aarch64-linux-gnu] ==> dir [/usr/lib/gcc/aarch64-linux-gnu/8/../../../aarch64-linux-gnu]
    arg [-L/usr/lib/gcc/aarch64-linux-gnu/8/../../../../lib] ==> dir [/usr/lib/gcc/aarch64-linux-gnu/8/../../../../lib]
    arg [-L/lib/aarch64-linux-gnu] ==> dir [/lib/aarch64-linux-gnu]
    arg [-L/lib/../lib] ==> dir [/lib/../lib]
    arg [-L/usr/lib/aarch64-linux-gnu] ==> dir [/usr/lib/aarch64-linux-gnu]
    arg [-L/usr/lib/../lib] ==> dir [/usr/lib/../lib]
    arg [-L/usr/lib/gcc/aarch64-linux-gnu/8/../../..] ==> dir [/usr/lib/gcc/aarch64-linux-gnu/8/../../..]
    arg [CMakeFiles/cmTC_056a8.dir/CMakeCCompilerABI.c.o] ==> ignore
    arg [-lgcc] ==> lib [gcc]
    arg [--push-state] ==> ignore
    arg [--as-needed] ==> ignore
    arg [-lgcc_s] ==> lib [gcc_s]
    arg [--pop-state] ==> ignore
    arg [-lc] ==> lib [c]
    arg [-lgcc] ==> lib [gcc]
    arg [--push-state] ==> ignore
    arg [--as-needed] ==> ignore
    arg [-lgcc_s] ==> lib [gcc_s]
    arg [--pop-state] ==> ignore
    arg [/usr/lib/gcc/aarch64-linux-gnu/8/crtendS.o] ==> ignore
    arg [/usr/lib/gcc/aarch64-linux-gnu/8/../../../aarch64-linux-gnu/crtn.o] ==> ignore
  collapse library dir [/usr/lib/gcc/aarch64-linux-gnu/8] ==> [/usr/lib/gcc/aarch64-linux-gnu/8]
  collapse library dir [/usr/lib/gcc/aarch64-linux-gnu/8/../../../aarch64-linux-gnu] ==> [/usr/lib/aarch64-linux-gnu]
  collapse library dir [/usr/lib/gcc/aarch64-linux-gnu/8/../../../../lib] ==> [/usr/lib]
  collapse library dir [/lib/aarch64-linux-gnu] ==> [/lib/aarch64-linux-gnu]
  collapse library dir [/lib/../lib] ==> [/lib]
  collapse library dir [/usr/lib/aarch64-linux-gnu] ==> [/usr/lib/aarch64-linux-gnu]
  collapse library dir [/usr/lib/../lib] ==> [/usr/lib]
  collapse library dir [/usr/lib/gcc/aarch64-linux-gnu/8/../../..] ==> [/usr/lib]
  implicit libs: [gcc;gcc_s;c;gcc;gcc_s]
  implicit dirs: [/usr/lib/gcc/aarch64-linux-gnu/8;/usr/lib/aarch64-linux-gnu;/usr/lib;/lib/aarch64-linux-gnu;/lib]
  implicit fwks: []


Determining if the include file sys/types.h exists passed with the following output:
Change Dir: /root/GUI/jpeg-neon-pthread/build/CMakeFiles/CMakeTmp

Run Build Command(s):/usr/bin/make cmTC_012ed/fast && /usr/bin/make  -f CMakeFiles/cmTC_012ed.dir/build.make CMakeFiles/cmTC_012ed.dir/build
make[1]: Entering directory '/root/GUI/jpeg-neon-pthread/build/CMakeFiles/CMakeTmp'
Building C object CMakeFiles/cmTC_012ed.dir/CheckIncludeFile.c.o
/usr/bin/cc   -pthread  -o CMakeFiles/cmTC_012ed.dir/CheckIncludeFile.c.o -c /root/GUI/jpeg-neon-pthread/build/CMakeFiles/CMakeTmp/CheckIncludeFile.c
Linking C executable cmTC_012ed
/usr/local/bin/cmake -E cmake_link_script CMakeFiles/cmTC_012ed.dir/link.txt --verbose=1
/usr/bin/cc  -pthread  CMakeFiles/cmTC_012ed.dir/CheckIncludeFile.c.o -o cmTC_012ed 
make[1]: Leaving directory '/root/GUI/jpeg-neon-pthread/build/CMakeFiles/CMakeTmp'



Determining if the include file stdint.h exists passed with the following output:
Change Dir: /root/GUI/jpeg-neon-pthread/build/CMakeFiles/CMakeTmp

Run Build Command(s):/usr/bin/make cmTC_bf370/fast && /usr/bin/make  -f CMakeFiles/cmTC_bf370.dir/build.make CMakeFiles/cmTC_bf370.dir/build
make[1]: Entering directory '/root/GUI/jpeg-neon-pthread/build/CMakeFiles/CMakeTmp'
Building C object CMakeFiles/cmTC_bf370.dir/CheckIncludeFile.c.o
/usr/bin/cc   -pthread  -o CMakeFiles/cmTC_bf370.dir/CheckIncludeFile.c.o -c /root/GUI/jpeg-neon-pthread/build/CMakeFiles/CMakeTmp/CheckIncludeFile.c
Linking C executable cmTC_bf370
/usr/local/bin/cmake -E cmake_link_script CMakeFiles/cmTC_bf370.dir/link.txt --verbose=1
/usr/bin/cc  -pthread  CMakeFiles/cmTC_bf370.dir/CheckIncludeFile.c.o -o cmTC_bf370 
make[1]: Leaving directory '/root/GUI/jpeg-neon-pthread/build/CMakeFiles/CMakeTmp'



Determining if the include file stddef.h exists passed with the following output:
Change Dir: /root/GUI/jpeg-neon-pthread/build/CMakeFiles/CMakeTmp

Run Build Command(s):/usr/bin/make cmTC_e409a/fast && /usr/bin/make  -f CMakeFiles/cmTC_e409a.dir/build.make CMakeFiles/cmTC_e409a.dir/build
make[1]: Entering directory '/root/GUI/jpeg-neon-pthread/build/CMakeFiles/CMakeTmp'
Building C object CMakeFiles/cmTC_e409a.dir/CheckIncludeFile.c.o
/usr/bin/cc   -pthread  -o CMakeFiles/cmTC_e409a.dir/CheckIncludeFile.c.o -c /root/GUI/jpeg-neon-pthread/build/CMakeFiles/CMakeTmp/CheckIncludeFile.c
Linking C executable cmTC_e409a
/usr/local/bin/cmake -E cmake_link_script CMakeFiles/cmTC_e409a.dir/link.txt --verbose=1
/usr/bin/cc  -pthread  CMakeFiles/cmTC_e409a.dir/CheckIncludeFile.c.o -o cmTC_e409a 
make[1]: Leaving directory '/root/GUI/jpeg-neon-pthread/build/CMakeFiles/CMakeTmp'



Determining size of size_t passed with the following output:
Change Dir: /root/GUI/jpeg-neon-pthread/build/CMakeFiles/CMakeTmp

Run Build Command(s):/usr/bin/make cmTC_0e954/fast && /usr/bin/make  -f CMakeFiles/cmTC_0e954.dir/build.make CMakeFiles/cmTC_0e954.dir/build
make[1]: Entering directory '/root/GUI/jpeg-neon-pthread/build/CMakeFiles/CMakeTmp'
Building C object CMakeFiles/cmTC_0e954.dir/SIZE_T.c.o
/usr/bin/cc   -pthread  -o CMakeFiles/cmTC_0e954.dir/SIZE_T.c.o -c /root/GUI/jpeg-neon-pthread/build/CMakeFiles/CheckTypeSize/SIZE_T.c
Linking C executable cmTC_0e954
/usr/local/bin/cmake -E cmake_link_script CMakeFiles/cmTC_0e954.dir/link.txt --verbose=1
/usr/bin/cc  -pthread  CMakeFiles/cmTC_0e954.dir/SIZE_T.c.o -o cmTC_0e954 
make[1]: Leaving directory '/root/GUI/jpeg-neon-pthread/build/CMakeFiles/CMakeTmp'



Determining size of unsigned long passed with the following output:
Change Dir: /root/GUI/jpeg-neon-pthread/build/CMakeFiles/CMakeTmp

Run Build Command(s):/usr/bin/make cmTC_d71bc/fast && /usr/bin/make  -f CMakeFiles/cmTC_d71bc.dir/build.make CMakeFiles/cmTC_d71bc.dir/build
make[1]: Entering directory '/root/GUI/jpeg-neon-pthread/build/CMakeFiles/CMakeTmp'
Building C object CMakeFiles/cmTC_d71bc.dir/UNSIGNED_LONG.c.o
/usr/bin/cc   -pthread  -o CMakeFiles/cmTC_d71bc.dir/UNSIGNED_LONG.c.o -c /root/GUI/jpeg-neon-pthread/build/CMakeFiles/CheckTypeSize/UNSIGNED_LONG.c
Linking C executable cmTC_d71bc
/usr/local/bin/cmake -E cmake_link_script CMakeFiles/cmTC_d71bc.dir/link.txt --verbose=1
/usr/bin/cc  -pthread  CMakeFiles/cmTC_d71bc.dir/UNSIGNED_LONG.c.o -o cmTC_d71bc 
make[1]: Leaving directory '/root/GUI/jpeg-neon-pthread/build/CMakeFiles/CMakeTmp'



Performing C SOURCE FILE Test HAVE_BUILTIN_CTZL succeeded with the following output:
Change Dir: /root/GUI/jpeg-neon-pthread/build/CMakeFiles/CMakeTmp

Run Build Command(s):/usr/bin/make cmTC_5ff6b/fast && /usr/bin/make  -f CMakeFiles/cmTC_5ff6b.dir/build.make CMakeFiles/cmTC_5ff6b.dir/build
make[1]: Entering directory '/root/GUI/jpeg-neon-pthread/build/CMakeFiles/CMakeTmp'
Building C object CMakeFiles/cmTC_5ff6b.dir/src.c.o
/usr/bin/cc   -pthread -DHAVE_BUILTIN_CTZL -o CMakeFiles/cmTC_5ff6b.dir/src.c.o -c /root/GUI/jpeg-neon-pthread/build/CMakeFiles/CMakeTmp/src.c
Linking C executable cmTC_5ff6b
/usr/local/bin/cmake -E cmake_link_script CMakeFiles/cmTC_5ff6b.dir/link.txt --verbose=1
/usr/bin/cc  -pthread -DHAVE_BUILTIN_CTZL CMakeFiles/cmTC_5ff6b.dir/src.c.o -o cmTC_5ff6b 
make[1]: Leaving directory '/root/GUI/jpeg-neon-pthread/build/CMakeFiles/CMakeTmp'


Source file was:
int main(int argc, char **argv) { unsigned long a = argc;  return __builtin_ctzl(a); }
Performing C SOURCE FILE Test INLINE_WORKS succeeded with the following output:
Change Dir: /root/GUI/jpeg-neon-pthread/build/CMakeFiles/CMakeTmp

Run Build Command(s):/usr/bin/make cmTC_0a011/fast && /usr/bin/make  -f CMakeFiles/cmTC_0a011.dir/build.make CMakeFiles/cmTC_0a011.dir/build
make[1]: Entering directory '/root/GUI/jpeg-neon-pthread/build/CMakeFiles/CMakeTmp'
Building C object CMakeFiles/cmTC_0a011.dir/src.c.o
/usr/bin/cc   -pthread -DINLINE_WORKS -o CMakeFiles/cmTC_0a011.dir/src.c.o -c /root/GUI/jpeg-neon-pthread/build/CMakeFiles/CMakeTmp/src.c
Linking C executable cmTC_0a011
/usr/local/bin/cmake -E cmake_link_script CMakeFiles/cmTC_0a011.dir/link.txt --verbose=1
/usr/bin/cc  -pthread -DINLINE_WORKS CMakeFiles/cmTC_0a011.dir/src.c.o -o cmTC_0a011 
make[1]: Leaving directory '/root/GUI/jpeg-neon-pthread/build/CMakeFiles/CMakeTmp'


Source file was:
__inline__ __attribute__((always_inline)) static int foo(void) { return 0; } int main(void) { return foo(); }
Performing C SOURCE FILE Test HAVE_THREAD_LOCAL succeeded with the following output:
Change Dir: /root/GUI/jpeg-neon-pthread/build/CMakeFiles/CMakeTmp

Run Build Command(s):/usr/bin/make cmTC_9178d/fast && /usr/bin/make  -f CMakeFiles/cmTC_9178d.dir/build.make CMakeFiles/cmTC_9178d.dir/build
make[1]: Entering directory '/root/GUI/jpeg-neon-pthread/build/CMakeFiles/CMakeTmp'
Building C object CMakeFiles/cmTC_9178d.dir/src.c.o
/usr/bin/cc   -pthread -DHAVE_THREAD_LOCAL -o CMakeFiles/cmTC_9178d.dir/src.c.o -c /root/GUI/jpeg-neon-pthread/build/CMakeFiles/CMakeTmp/src.c
Linking C executable cmTC_9178d
/usr/local/bin/cmake -E cmake_link_script CMakeFiles/cmTC_9178d.dir/link.txt --verbose=1
/usr/bin/cc  -pthread -DHAVE_THREAD_LOCAL CMakeFiles/cmTC_9178d.dir/src.c.o -o cmTC_9178d 
make[1]: Leaving directory '/root/GUI/jpeg-neon-pthread/build/CMakeFiles/CMakeTmp'


Source file was:
__thread int i;  int main(void) { i = 0;  return i; }
Performing C SOURCE FILE Test HAVE_VERSION_SCRIPT succeeded with the following output:
Change Dir: /root/GUI/jpeg-neon-pthread/build/CMakeFiles/CMakeTmp

Run Build Command(s):/usr/bin/make cmTC_417fb/fast && /usr/bin/make  -f CMakeFiles/cmTC_417fb.dir/build.make CMakeFiles/cmTC_417fb.dir/build
make[1]: Entering directory '/root/GUI/jpeg-neon-pthread/build/CMakeFiles/CMakeTmp'
Building C object CMakeFiles/cmTC_417fb.dir/src.c.o
/usr/bin/cc   -pthread -DHAVE_VERSION_SCRIPT -Wl,--version-script,/root/GUI/jpeg-neon-pthread/build/conftest.map -o CMakeFiles/cmTC_417fb.dir/src.c.o -c /root/GUI/jpeg-neon-pthread/build/CMakeFiles/CMakeTmp/src.c
Linking C executable cmTC_417fb
/usr/local/bin/cmake -E cmake_link_script CMakeFiles/cmTC_417fb.dir/link.txt --verbose=1
/usr/bin/cc  -pthread -DHAVE_VERSION_SCRIPT -Wl,--version-script,/root/GUI/jpeg-neon-pthread/build/conftest.map CMakeFiles/cmTC_417fb.dir/src.c.o -o cmTC_417fb 
make[1]: Leaving directory '/root/GUI/jpeg-neon-pthread/build/CMakeFiles/CMakeTmp'


Source file was:
int main(void) { return 0; }
Performing C SOURCE FILE Test HAVE_VLD1_U16_X2 succeeded with the following output:
Change Dir: /root/GUI/jpeg-neon-pthread/build/CMakeFiles/CMakeTmp

Run Build Command(s):/usr/bin/make cmTC_b56f8/fast && /usr/bin/make  -f CMakeFiles/cmTC_b56f8.dir/build.make CMakeFiles/cmTC_b56f8.dir/build
make[1]: Entering directory '/root/GUI/jpeg-neon-pthread/build/CMakeFiles/CMakeTmp'
Building C object CMakeFiles/cmTC_b56f8.dir/src.c.o
/usr/bin/cc   -pthread -DHAVE_VLD1_U16_X2 -o CMakeFiles/cmTC_b56f8.dir/src.c.o -c /root/GUI/jpeg-neon-pthread/build/CMakeFiles/CMakeTmp/src.c
Linking C executable cmTC_b56f8
/usr/local/bin/cmake -E cmake_link_script CMakeFiles/cmTC_b56f8.dir/link.txt --verbose=1
/usr/bin/cc  -pthread -DHAVE_VLD1_U16_X2 CMakeFiles/cmTC_b56f8.dir/src.c.o -o cmTC_b56f8 
make[1]: Leaving directory '/root/GUI/jpeg-neon-pthread/build/CMakeFiles/CMakeTmp'


Source file was:

  #include <arm_neon.h>
  int main(int argc, char **argv) {
    uint16_t input[] = {
      (uint16_t)argc, (uint16_t)argc, (uint16_t)argc, (uint16_t)argc,
      (uint16_t)argc, (uint16_t)argc, (uint16_t)argc, (uint16_t)argc
    };
    uint16x4x2_t output = vld1_u16_x2(input);
    vst2_u16(input, output);
    return (int)input[0];
  }
Checking whether the ASM compiler is GNU using "--version" matched "(GNU assembler)|(GCC)|(Free Software Foundation)":
cc (Debian 8.3.0-6) 8.3.0
Copyright (C) 2018 Free Software Foundation, Inc.
This is free software; see the source for copying conditions.  There is NO
warranty; not even for MERCHANTABILITY or FITNESS FOR A PARTICULAR PURPOSE.

